  Building Custom Rule C:/Users/ruist/source/repos/ruiallves/Graphics-Engine-CG/Fase4/src/generator/CMakeLists.txt
  createvertice.cpp
C:\Users\ruist\source\repos\ruiallves\Graphics-Engine-CG\Fase4\src\generator\CreateVertice\createvertice.cpp(74,17): warning C4244: 'inicializando': conversão de 'double' para 'float', possível perda de dados
C:\Users\ruist\source\repos\ruiallves\Graphics-Engine-CG\Fase4\src\generator\CreateVertice\createvertice.cpp(176,18): warning C4244: 'inicializando': conversão de 'double' para 'float', possível perda de dados
C:\Users\ruist\source\repos\ruiallves\Graphics-Engine-CG\Fase4\src\generator\CreateVertice\createvertice.cpp(177,18): warning C4244: 'inicializando': conversão de 'double' para 'float', possível perda de dados
C:\Users\ruist\source\repos\ruiallves\Graphics-Engine-CG\Fase4\src\generator\CreateVertice\createvertice.cpp(179,18): warning C4305: 'inicializando': truncamento de 'double' para 'float'
C:\Users\ruist\source\repos\ruiallves\Graphics-Engine-CG\Fase4\src\generator\CreateVertice\createvertice.cpp(215,76): warning C4244: 'argumento': conversão de 'double' para 'float', possível perda de dados
C:\Users\ruist\source\repos\ruiallves\Graphics-Engine-CG\Fase4\src\generator\CreateVertice\createvertice.cpp(215,47): warning C4244: 'argumento': conversão de 'double' para 'float', possível perda de dados
C:\Users\ruist\source\repos\ruiallves\Graphics-Engine-CG\Fase4\src\generator\CreateVertice\createvertice.cpp(216,87): warning C4244: 'argumento': conversão de 'double' para 'float', possível perda de dados
C:\Users\ruist\source\repos\ruiallves\Graphics-Engine-CG\Fase4\src\generator\CreateVertice\createvertice.cpp(216,47): warning C4244: 'argumento': conversão de 'double' para 'float', possível perda de dados
C:\Users\ruist\source\repos\ruiallves\Graphics-Engine-CG\Fase4\src\generator\CreateVertice\createvertice.cpp(217,98): warning C4244: 'argumento': conversão de 'double' para 'float', possível perda de dados
C:\Users\ruist\source\repos\ruiallves\Graphics-Engine-CG\Fase4\src\generator\CreateVertice\createvertice.cpp(217,58): warning C4244: 'argumento': conversão de 'double' para 'float', possível perda de dados
C:\Users\ruist\source\repos\ruiallves\Graphics-Engine-CG\Fase4\src\generator\CreateVertice\createvertice.cpp(230,76): warning C4244: 'argumento': conversão de 'double' para 'float', possível perda de dados
C:\Users\ruist\source\repos\ruiallves\Graphics-Engine-CG\Fase4\src\generator\CreateVertice\createvertice.cpp(230,47): warning C4244: 'argumento': conversão de 'double' para 'float', possível perda de dados
C:\Users\ruist\source\repos\ruiallves\Graphics-Engine-CG\Fase4\src\generator\CreateVertice\createvertice.cpp(231,98): warning C4244: 'argumento': conversão de 'double' para 'float', possível perda de dados
C:\Users\ruist\source\repos\ruiallves\Graphics-Engine-CG\Fase4\src\generator\CreateVertice\createvertice.cpp(231,58): warning C4244: 'argumento': conversão de 'double' para 'float', possível perda de dados
C:\Users\ruist\source\repos\ruiallves\Graphics-Engine-CG\Fase4\src\generator\CreateVertice\createvertice.cpp(232,87): warning C4244: 'argumento': conversão de 'double' para 'float', possível perda de dados
C:\Users\ruist\source\repos\ruiallves\Graphics-Engine-CG\Fase4\src\generator\CreateVertice\createvertice.cpp(232,58): warning C4244: 'argumento': conversão de 'double' para 'float', possível perda de dados
C:\Users\ruist\source\repos\ruiallves\Graphics-Engine-CG\Fase4\src\generator\CreateVertice\createvertice.cpp(449,24): warning C4244: 'inicializando': conversão de 'double' para 'float', possível perda de dados
  CreateVertice.vcxproj -> C:\Users\ruist\source\repos\ruiallves\Graphics-Engine-CG\Fase4\src\generator\build\Debug\CreateVertice.lib
