  world_config.cpp
C:\Users\ruist\source\repos\ruiallves\Graphics-Engine-CG\Fase4\src\engine\config\world_config.cpp(622,41): warning C4244: '=': conversão de 'double' para 'float', possível perda de dados
C:\Users\ruist\source\repos\ruiallves\Graphics-Engine-CG\Fase4\src\engine\config\world_config.cpp(623,40): warning C4244: '=': conversão de 'double' para 'float', possível perda de dados
C:\Users\ruist\source\repos\ruiallves\Graphics-Engine-CG\Fase4\src\engine\config\world_config.cpp(629,44): warning C4244: '=': conversão de 'double' para 'float', possível perda de dados
C:\Users\ruist\source\repos\ruiallves\Graphics-Engine-CG\Fase4\src\engine\config\world_config.cpp(635,47): warning C4244: 'argumento': conversão de 'double' para '_Ty', possível perda de dados
C:\Users\ruist\source\repos\ruiallves\Graphics-Engine-CG\Fase4\src\engine\config\world_config.cpp(635,47): warning C4244:         with
C:\Users\ruist\source\repos\ruiallves\Graphics-Engine-CG\Fase4\src\engine\config\world_config.cpp(635,47): warning C4244:         [
C:\Users\ruist\source\repos\ruiallves\Graphics-Engine-CG\Fase4\src\engine\config\world_config.cpp(635,47): warning C4244:             _Ty=float
C:\Users\ruist\source\repos\ruiallves\Graphics-Engine-CG\Fase4\src\engine\config\world_config.cpp(635,47): warning C4244:         ]
C:\Users\ruist\source\repos\ruiallves\Graphics-Engine-CG\Fase4\src\engine\config\world_config.cpp(636,47): warning C4244: 'argumento': conversão de 'double' para '_Ty', possível perda de dados
C:\Users\ruist\source\repos\ruiallves\Graphics-Engine-CG\Fase4\src\engine\config\world_config.cpp(636,47): warning C4244:         with
C:\Users\ruist\source\repos\ruiallves\Graphics-Engine-CG\Fase4\src\engine\config\world_config.cpp(636,47): warning C4244:         [
C:\Users\ruist\source\repos\ruiallves\Graphics-Engine-CG\Fase4\src\engine\config\world_config.cpp(636,47): warning C4244:             _Ty=float
C:\Users\ruist\source\repos\ruiallves\Graphics-Engine-CG\Fase4\src\engine\config\world_config.cpp(636,47): warning C4244:         ]
C:\Users\ruist\source\repos\ruiallves\Graphics-Engine-CG\Fase4\src\engine\config\world_config.cpp(637,47): warning C4244: 'argumento': conversão de 'double' para '_Ty', possível perda de dados
C:\Users\ruist\source\repos\ruiallves\Graphics-Engine-CG\Fase4\src\engine\config\world_config.cpp(637,47): warning C4244:         with
C:\Users\ruist\source\repos\ruiallves\Graphics-Engine-CG\Fase4\src\engine\config\world_config.cpp(637,47): warning C4244:         [
C:\Users\ruist\source\repos\ruiallves\Graphics-Engine-CG\Fase4\src\engine\config\world_config.cpp(637,47): warning C4244:             _Ty=float
C:\Users\ruist\source\repos\ruiallves\Graphics-Engine-CG\Fase4\src\engine\config\world_config.cpp(637,47): warning C4244:         ]
C:\Users\ruist\source\repos\ruiallves\Graphics-Engine-CG\Fase4\src\engine\config\world_config.cpp(643,25): warning C4244: 'inicializando': conversão de 'double' para 'float', possível perda de dados
C:\Users\ruist\source\repos\ruiallves\Graphics-Engine-CG\Fase4\src\engine\config\world_config.cpp(644,25): warning C4244: 'inicializando': conversão de 'double' para 'float', possível perda de dados
C:\Users\ruist\source\repos\ruiallves\Graphics-Engine-CG\Fase4\src\engine\config\world_config.cpp(645,25): warning C4244: 'inicializando': conversão de 'double' para 'float', possível perda de dados
C:\Users\ruist\source\repos\ruiallves\Graphics-Engine-CG\Fase4\src\engine\config\world_config.cpp(686,45): warning C4244: 'inicializando': conversão de 'double' para 'float', possível perda de dados
C:\Users\ruist\source\repos\ruiallves\Graphics-Engine-CG\Fase4\src\engine\config\world_config.cpp(687,45): warning C4244: 'inicializando': conversão de 'double' para 'float', possível perda de dados
C:\Users\ruist\source\repos\ruiallves\Graphics-Engine-CG\Fase4\src\engine\config\world_config.cpp(688,45): warning C4244: 'inicializando': conversão de 'double' para 'float', possível perda de dados
C:\Users\ruist\source\repos\ruiallves\Graphics-Engine-CG\Fase4\src\engine\config\world_config.cpp(709,49): warning C4244: 'inicializando': conversão de 'double' para 'float', possível perda de dados
C:\Users\ruist\source\repos\ruiallves\Graphics-Engine-CG\Fase4\src\engine\config\world_config.cpp(710,49): warning C4244: 'inicializando': conversão de 'double' para 'float', possível perda de dados
C:\Users\ruist\source\repos\ruiallves\Graphics-Engine-CG\Fase4\src\engine\config\world_config.cpp(711,49): warning C4244: 'inicializando': conversão de 'double' para 'float', possível perda de dados
C:\Users\ruist\source\repos\ruiallves\Graphics-Engine-CG\Fase4\src\engine\config\world_config.cpp(718,65): warning C4244: 'inicializando': conversão de 'double' para 'float', possível perda de dados
C:\Users\ruist\source\repos\ruiallves\Graphics-Engine-CG\Fase4\src\engine\config\world_config.cpp(719,65): warning C4244: 'inicializando': conversão de 'double' para 'float', possível perda de dados
C:\Users\ruist\source\repos\ruiallves\Graphics-Engine-CG\Fase4\src\engine\config\world_config.cpp(720,65): warning C4244: 'inicializando': conversão de 'double' para 'float', possível perda de dados
C:\Users\ruist\source\repos\ruiallves\Graphics-Engine-CG\Fase4\src\engine\config\world_config.cpp(727,64): warning C4244: 'inicializando': conversão de 'double' para 'float', possível perda de dados
C:\Users\ruist\source\repos\ruiallves\Graphics-Engine-CG\Fase4\src\engine\config\world_config.cpp(728,64): warning C4244: 'inicializando': conversão de 'double' para 'float', possível perda de dados
C:\Users\ruist\source\repos\ruiallves\Graphics-Engine-CG\Fase4\src\engine\config\world_config.cpp(729,64): warning C4244: 'inicializando': conversão de 'double' para 'float', possível perda de dados
C:\Users\ruist\source\repos\ruiallves\Graphics-Engine-CG\Fase4\src\engine\config\world_config.cpp(735,30): warning C4244: 'argumento': conversão de 'double' para 'float', possível perda de dados
C:\Users\ruist\source\repos\ruiallves\Graphics-Engine-CG\Fase4\src\engine\config\world_config.cpp(772,65): warning C4244: '=': conversão de 'double' para '_Ty', possível perda de dados
C:\Users\ruist\source\repos\ruiallves\Graphics-Engine-CG\Fase4\src\engine\config\world_config.cpp(772,65): warning C4244:         with
C:\Users\ruist\source\repos\ruiallves\Graphics-Engine-CG\Fase4\src\engine\config\world_config.cpp(772,65): warning C4244:         [
C:\Users\ruist\source\repos\ruiallves\Graphics-Engine-CG\Fase4\src\engine\config\world_config.cpp(772,65): warning C4244:             _Ty=float
C:\Users\ruist\source\repos\ruiallves\Graphics-Engine-CG\Fase4\src\engine\config\world_config.cpp(772,65): warning C4244:         ]
C:\Users\ruist\source\repos\ruiallves\Graphics-Engine-CG\Fase4\src\engine\config\world_config.cpp(773,65): warning C4244: '=': conversão de 'double' para '_Ty', possível perda de dados
C:\Users\ruist\source\repos\ruiallves\Graphics-Engine-CG\Fase4\src\engine\config\world_config.cpp(773,65): warning C4244:         with
C:\Users\ruist\source\repos\ruiallves\Graphics-Engine-CG\Fase4\src\engine\config\world_config.cpp(773,65): warning C4244:         [
C:\Users\ruist\source\repos\ruiallves\Graphics-Engine-CG\Fase4\src\engine\config\world_config.cpp(773,65): warning C4244:             _Ty=float
C:\Users\ruist\source\repos\ruiallves\Graphics-Engine-CG\Fase4\src\engine\config\world_config.cpp(773,65): warning C4244:         ]
C:\Users\ruist\source\repos\ruiallves\Graphics-Engine-CG\Fase4\src\engine\config\world_config.cpp(774,65): warning C4244: '=': conversão de 'double' para '_Ty', possível perda de dados
C:\Users\ruist\source\repos\ruiallves\Graphics-Engine-CG\Fase4\src\engine\config\world_config.cpp(774,65): warning C4244:         with
C:\Users\ruist\source\repos\ruiallves\Graphics-Engine-CG\Fase4\src\engine\config\world_config.cpp(774,65): warning C4244:         [
C:\Users\ruist\source\repos\ruiallves\Graphics-Engine-CG\Fase4\src\engine\config\world_config.cpp(774,65): warning C4244:             _Ty=float
C:\Users\ruist\source\repos\ruiallves\Graphics-Engine-CG\Fase4\src\engine\config\world_config.cpp(774,65): warning C4244:         ]
C:\Users\ruist\source\repos\ruiallves\Graphics-Engine-CG\Fase4\src\engine\config\world_config.cpp(778,65): warning C4244: '=': conversão de 'double' para '_Ty', possível perda de dados
C:\Users\ruist\source\repos\ruiallves\Graphics-Engine-CG\Fase4\src\engine\config\world_config.cpp(778,65): warning C4244:         with
C:\Users\ruist\source\repos\ruiallves\Graphics-Engine-CG\Fase4\src\engine\config\world_config.cpp(778,65): warning C4244:         [
C:\Users\ruist\source\repos\ruiallves\Graphics-Engine-CG\Fase4\src\engine\config\world_config.cpp(778,65): warning C4244:             _Ty=float
C:\Users\ruist\source\repos\ruiallves\Graphics-Engine-CG\Fase4\src\engine\config\world_config.cpp(778,65): warning C4244:         ]
C:\Users\ruist\source\repos\ruiallves\Graphics-Engine-CG\Fase4\src\engine\config\world_config.cpp(779,65): warning C4244: '=': conversão de 'double' para '_Ty', possível perda de dados
C:\Users\ruist\source\repos\ruiallves\Graphics-Engine-CG\Fase4\src\engine\config\world_config.cpp(779,65): warning C4244:         with
C:\Users\ruist\source\repos\ruiallves\Graphics-Engine-CG\Fase4\src\engine\config\world_config.cpp(779,65): warning C4244:         [
C:\Users\ruist\source\repos\ruiallves\Graphics-Engine-CG\Fase4\src\engine\config\world_config.cpp(779,65): warning C4244:             _Ty=float
C:\Users\ruist\source\repos\ruiallves\Graphics-Engine-CG\Fase4\src\engine\config\world_config.cpp(779,65): warning C4244:         ]
C:\Users\ruist\source\repos\ruiallves\Graphics-Engine-CG\Fase4\src\engine\config\world_config.cpp(780,65): warning C4244: '=': conversão de 'double' para '_Ty', possível perda de dados
C:\Users\ruist\source\repos\ruiallves\Graphics-Engine-CG\Fase4\src\engine\config\world_config.cpp(780,65): warning C4244:         with
C:\Users\ruist\source\repos\ruiallves\Graphics-Engine-CG\Fase4\src\engine\config\world_config.cpp(780,65): warning C4244:         [
C:\Users\ruist\source\repos\ruiallves\Graphics-Engine-CG\Fase4\src\engine\config\world_config.cpp(780,65): warning C4244:             _Ty=float
C:\Users\ruist\source\repos\ruiallves\Graphics-Engine-CG\Fase4\src\engine\config\world_config.cpp(780,65): warning C4244:         ]
C:\Users\ruist\source\repos\ruiallves\Graphics-Engine-CG\Fase4\src\engine\config\world_config.cpp(784,65): warning C4244: '=': conversão de 'double' para '_Ty', possível perda de dados
C:\Users\ruist\source\repos\ruiallves\Graphics-Engine-CG\Fase4\src\engine\config\world_config.cpp(784,65): warning C4244:         with
C:\Users\ruist\source\repos\ruiallves\Graphics-Engine-CG\Fase4\src\engine\config\world_config.cpp(784,65): warning C4244:         [
C:\Users\ruist\source\repos\ruiallves\Graphics-Engine-CG\Fase4\src\engine\config\world_config.cpp(784,65): warning C4244:             _Ty=float
C:\Users\ruist\source\repos\ruiallves\Graphics-Engine-CG\Fase4\src\engine\config\world_config.cpp(784,65): warning C4244:         ]
C:\Users\ruist\source\repos\ruiallves\Graphics-Engine-CG\Fase4\src\engine\config\world_config.cpp(785,65): warning C4244: '=': conversão de 'double' para '_Ty', possível perda de dados
C:\Users\ruist\source\repos\ruiallves\Graphics-Engine-CG\Fase4\src\engine\config\world_config.cpp(785,65): warning C4244:         with
C:\Users\ruist\source\repos\ruiallves\Graphics-Engine-CG\Fase4\src\engine\config\world_config.cpp(785,65): warning C4244:         [
C:\Users\ruist\source\repos\ruiallves\Graphics-Engine-CG\Fase4\src\engine\config\world_config.cpp(785,65): warning C4244:             _Ty=float
C:\Users\ruist\source\repos\ruiallves\Graphics-Engine-CG\Fase4\src\engine\config\world_config.cpp(785,65): warning C4244:         ]
C:\Users\ruist\source\repos\ruiallves\Graphics-Engine-CG\Fase4\src\engine\config\world_config.cpp(786,65): warning C4244: '=': conversão de 'double' para '_Ty', possível perda de dados
C:\Users\ruist\source\repos\ruiallves\Graphics-Engine-CG\Fase4\src\engine\config\world_config.cpp(786,65): warning C4244:         with
C:\Users\ruist\source\repos\ruiallves\Graphics-Engine-CG\Fase4\src\engine\config\world_config.cpp(786,65): warning C4244:         [
C:\Users\ruist\source\repos\ruiallves\Graphics-Engine-CG\Fase4\src\engine\config\world_config.cpp(786,65): warning C4244:             _Ty=float
C:\Users\ruist\source\repos\ruiallves\Graphics-Engine-CG\Fase4\src\engine\config\world_config.cpp(786,65): warning C4244:         ]
C:\Users\ruist\source\repos\ruiallves\Graphics-Engine-CG\Fase4\src\engine\config\world_config.cpp(787,65): warning C4244: '=': conversão de 'double' para '_Ty', possível perda de dados
C:\Users\ruist\source\repos\ruiallves\Graphics-Engine-CG\Fase4\src\engine\config\world_config.cpp(787,65): warning C4244:         with
C:\Users\ruist\source\repos\ruiallves\Graphics-Engine-CG\Fase4\src\engine\config\world_config.cpp(787,65): warning C4244:         [
C:\Users\ruist\source\repos\ruiallves\Graphics-Engine-CG\Fase4\src\engine\config\world_config.cpp(787,65): warning C4244:             _Ty=float
C:\Users\ruist\source\repos\ruiallves\Graphics-Engine-CG\Fase4\src\engine\config\world_config.cpp(787,65): warning C4244:         ]
C:\Users\ruist\source\repos\ruiallves\Graphics-Engine-CG\Fase4\src\engine\config\world_config.cpp(788,65): warning C4244: '=': conversão de 'double' para '_Ty', possível perda de dados
C:\Users\ruist\source\repos\ruiallves\Graphics-Engine-CG\Fase4\src\engine\config\world_config.cpp(788,65): warning C4244:         with
C:\Users\ruist\source\repos\ruiallves\Graphics-Engine-CG\Fase4\src\engine\config\world_config.cpp(788,65): warning C4244:         [
C:\Users\ruist\source\repos\ruiallves\Graphics-Engine-CG\Fase4\src\engine\config\world_config.cpp(788,65): warning C4244:             _Ty=float
C:\Users\ruist\source\repos\ruiallves\Graphics-Engine-CG\Fase4\src\engine\config\world_config.cpp(788,65): warning C4244:         ]
C:\Users\ruist\source\repos\ruiallves\Graphics-Engine-CG\Fase4\src\engine\config\world_config.cpp(789,65): warning C4244: '=': conversão de 'double' para '_Ty', possível perda de dados
C:\Users\ruist\source\repos\ruiallves\Graphics-Engine-CG\Fase4\src\engine\config\world_config.cpp(789,65): warning C4244:         with
C:\Users\ruist\source\repos\ruiallves\Graphics-Engine-CG\Fase4\src\engine\config\world_config.cpp(789,65): warning C4244:         [
C:\Users\ruist\source\repos\ruiallves\Graphics-Engine-CG\Fase4\src\engine\config\world_config.cpp(789,65): warning C4244:             _Ty=float
C:\Users\ruist\source\repos\ruiallves\Graphics-Engine-CG\Fase4\src\engine\config\world_config.cpp(789,65): warning C4244:         ]
C:\Users\ruist\source\repos\ruiallves\Graphics-Engine-CG\Fase4\src\engine\config\world_config.cpp(790,67): warning C4244: '=': conversão de 'double' para 'float', possível perda de dados
C:\Users\ruist\source\repos\ruiallves\Graphics-Engine-CG\Fase4\src\engine\config\world_config.cpp(822,21): warning C4244: 'inicializando': conversão de 'double' para 'float', possível perda de dados
C:\Users\ruist\source\repos\ruiallves\Graphics-Engine-CG\Fase4\src\engine\config\world_config.cpp(823,21): warning C4244: 'inicializando': conversão de 'double' para 'float', possível perda de dados
C:\Users\ruist\source\repos\ruiallves\Graphics-Engine-CG\Fase4\src\engine\config\world_config.cpp(824,21): warning C4244: 'inicializando': conversão de 'double' para 'float', possível perda de dados
C:\Users\ruist\source\repos\ruiallves\Graphics-Engine-CG\Fase4\src\engine\config\world_config.cpp(828,24): warning C4244: 'inicializando': conversão de 'double' para 'float', possível perda de dados
C:\Users\ruist\source\repos\ruiallves\Graphics-Engine-CG\Fase4\src\engine\config\world_config.cpp(829,24): warning C4244: 'inicializando': conversão de 'double' para 'float', possível perda de dados
C:\Users\ruist\source\repos\ruiallves\Graphics-Engine-CG\Fase4\src\engine\config\world_config.cpp(830,24): warning C4244: 'inicializando': conversão de 'double' para 'float', possível perda de dados
C:\Users\ruist\source\repos\ruiallves\Graphics-Engine-CG\Fase4\src\engine\config\world_config.cpp(834,20): warning C4244: 'inicializando': conversão de 'double' para 'float', possível perda de dados
C:\Users\ruist\source\repos\ruiallves\Graphics-Engine-CG\Fase4\src\engine\config\world_config.cpp(835,20): warning C4244: 'inicializando': conversão de 'double' para 'float', possível perda de dados
C:\Users\ruist\source\repos\ruiallves\Graphics-Engine-CG\Fase4\src\engine\config\world_config.cpp(836,20): warning C4244: 'inicializando': conversão de 'double' para 'float', possível perda de dados
C:\Users\ruist\source\repos\ruiallves\Graphics-Engine-CG\Fase4\src\engine\config\world_config.cpp(840,19): warning C4244: 'inicializando': conversão de 'double' para 'float', possível perda de dados
C:\Users\ruist\source\repos\ruiallves\Graphics-Engine-CG\Fase4\src\engine\config\world_config.cpp(841,20): warning C4244: 'inicializando': conversão de 'double' para 'float', possível perda de dados
C:\Users\ruist\source\repos\ruiallves\Graphics-Engine-CG\Fase4\src\engine\config\world_config.cpp(842,19): warning C4244: 'inicializando': conversão de 'double' para 'float', possível perda de dados
  world_config.vcxproj -> C:\Users\ruist\source\repos\ruiallves\Graphics-Engine-CG\Fase4\src\engine\build\Debug\world_config.lib
